<?xml version="1.0" encoding="UTF-8"?>
<!-- Generated by org.testng.reporters.JUnitReportReporter -->
<testsuite hostname="LAPTOP-MS3K04SB" failures="0" tests="17" name="testScenarios.TripAdvisorTestScenarios" time="81.109" errors="0" timestamp="2022-01-19T14:20:52 IST" skipped="0">
  <testcase classname="testScenarios.TripAdvisorTestScenarios" name="readData" time="15.517"/>
  <system-out/>
  <testcase classname="testScenarios.TripAdvisorTestScenarios" name="selectDestination" time="32.402"/>
  <system-out/>
  <testcase classname="testScenarios.TripAdvisorTestScenarios" name="checkInDate" time="2.591"/>
  <system-out/>
  <testcase classname="testScenarios.TripAdvisorTestScenarios" name="checkOutDate" time="0.572"/>
  <system-out/>
  <testcase classname="testScenarios.TripAdvisorTestScenarios" name="setGuest" time="0.661"/>
  <system-out/>
  <testcase classname="testScenarios.TripAdvisorTestScenarios" name="sortBy" time="1.477"/>
  <system-out/>
  <testcase classname="testScenarios.TripAdvisorTestScenarios" name="liftAccess" time="1.146"/>
  <system-out/>
  <testcase classname="testScenarios.TripAdvisorTestScenarios" name="hotelNames" time="6.595"/>
  <system-out/>
  <testcase classname="testScenarios.TripAdvisorTestScenarios" name="totalPrice" time="0.975"/>
  <system-out/>
  <testcase classname="testScenarios.TripAdvisorTestScenarios" name="pricePerNight" time="1.117"/>
  <system-out/>
  <testcase classname="testScenarios.TripAdvisorTestScenarios" name="cruises" time="3.412"/>
  <system-out/>
  <testcase classname="testScenarios.TripAdvisorTestScenarios" name="cruiseLine" time="4.253"/>
  <system-out/>
  <testcase classname="testScenarios.TripAdvisorTestScenarios" name="cruiseShip" time="4.381"/>
  <system-out/>
  <testcase classname="testScenarios.TripAdvisorTestScenarios" name="changeWindow" time="4.373"/>
  <system-out/>
  <testcase classname="testScenarios.TripAdvisorTestScenarios" name="PassengerCrewValue" time="0.368"/>
  <system-out/>
  <testcase classname="testScenarios.TripAdvisorTestScenarios" name="launchedYearValue" time="1.054"/>
  <system-out/>
  <testcase classname="testScenarios.TripAdvisorTestScenarios" name="languageValue" time="0.215"/>
  <system-out/>
</testsuite> <!-- testScenarios.TripAdvisorTestScenarios -->
